GROUP,PACKAGE,CLASS,INSTRUCTION_MISSED,INSTRUCTION_COVERED,BRANCH_MISSED,BRANCH_COVERED,LINE_MISSED,LINE_COVERED,COMPLEXITY_MISSED,COMPLEXITY_COVERED,METHOD_MISSED,METHOD_COVERED
Mon Projet Maven,fr.univavignon.pokedex.api,Team,0,21,0,0,0,4,0,1,0,1
Mon Projet Maven,fr.univavignon.pokedex.api,PokedexException,0,4,0,0,0,2,0,1,0,1
Mon Projet Maven,fr.univavignon.pokedex.api,PokemonTrainer,0,21,0,0,0,8,0,4,0,4
Mon Projet Maven,fr.univavignon.pokedex.api,Pokedex,23,0,0,0,9,0,8,0,8,0
Mon Projet Maven,fr.univavignon.pokedex.api,PokemonComparators,41,0,0,0,8,0,3,0,3,0
Mon Projet Maven,fr.univavignon.pokedex.api,PokemonMetadata,0,33,0,0,0,12,0,6,0,6
Mon Projet Maven,fr.univavignon.pokedex.api,Pokemon,3,35,0,0,1,11,1,5,1,5
