<?xml version="1.0" encoding="UTF-8"?>
<testsuite xmlns:xsi="http://www.w3.org/2001/XMLSchema-instance" xsi:noNamespaceSchemaLocation="https://maven.apache.org/surefire/maven-surefire-plugin/xsd/surefire-test-report.xsd" name="fr.univavignon.pokedex.api.IPokemonMetadataProviderTest" time="0.054" tests="2" errors="0" skipped="0" failures="0">
  <properties>
[...]
</properties>
  <testcase name="testGetPokemonMetadataInvalidIndex" classname="fr.univavignon.pokedex.api.IPokemonMetadataProviderTest" time="0.002"/>
  <testcase name="testGetPokemonMetadata" classname="fr.univavignon.pokedex.api.IPokemonMetadataProviderTest" time="0.051"/>
</testsuite>